app/build/intermediates/manifest_merge_blame_file/release/processReleaseMainManifest/manifest-merger-blame-release-report.txt
1<?xml version="1.0" encoding="utf-8"?>
2<!--
3    Copyright 2019 Google Inc. All Rights Reserved.
4
5     Licensed under the Apache License, Version 2.0 (the "License");
6     you may not use this file except in compliance with the License.
7     You may obtain a copy of the License at
8
9         http://www.apache.org/licenses/LICENSE-2.0
10
11     Unless required by applicable law or agreed to in writing, software
12     distributed under the License is distributed on an "AS IS" BASIS,
13     WITHOUT WARRANTIES OR CONDITIONS OF ANY KIND, either express or implied.
14     See the License for the specific language governing permissions and
15     limitations under the License.
16-->
17<manifest xmlns:android="http://schemas.android.com/apk/res/android"
18    package="com.timothy.stater"
19    android:versionCode="1"
20    android:versionName="1" >
21
22    <uses-sdk
23        android:minSdkVersion="21"
24        android:targetSdkVersion="35" />
25
26    <uses-permission android:name="android.permission.INTERNET" />
26-->src\main\AndroidManifest.xml:20:5-67
26-->src\main\AndroidManifest.xml:20:22-64
27    <uses-permission android:name="android.permission.POST_NOTIFICATIONS" />
27-->src\main\AndroidManifest.xml:21:5-76
27-->src\main\AndroidManifest.xml:21:22-74
28
29    <!-- Permissões para microfone, câmera e uploads -->
30    <uses-permission android:name="android.permission.RECORD_AUDIO" />
30-->src\main\AndroidManifest.xml:24:5-71
30-->src\main\AndroidManifest.xml:24:22-68
31    <uses-permission android:name="android.permission.CAMERA" />
31-->src\main\AndroidManifest.xml:25:5-65
31-->src\main\AndroidManifest.xml:25:22-62
32    <uses-permission android:name="android.permission.READ_EXTERNAL_STORAGE" />
32-->src\main\AndroidManifest.xml:26:5-80
32-->src\main\AndroidManifest.xml:26:22-77
33    <uses-permission android:name="android.permission.WRITE_EXTERNAL_STORAGE" />
33-->src\main\AndroidManifest.xml:27:5-81
33-->src\main\AndroidManifest.xml:27:22-78
34
35    <!-- Permissões específicas para Android 13+ (API 33+) -->
36    <uses-permission android:name="android.permission.READ_MEDIA_IMAGES" />
36-->src\main\AndroidManifest.xml:30:5-76
36-->src\main\AndroidManifest.xml:30:22-73
37    <uses-permission android:name="android.permission.READ_MEDIA_VIDEO" />
37-->src\main\AndroidManifest.xml:31:5-75
37-->src\main\AndroidManifest.xml:31:22-72
38    <uses-permission android:name="android.permission.READ_MEDIA_AUDIO" />
38-->src\main\AndroidManifest.xml:32:5-75
38-->src\main\AndroidManifest.xml:32:22-72
39
40    <!-- Hardware features como opcionais para compatibilidade -->
41    <uses-feature
41-->src\main\AndroidManifest.xml:35:5-85
42        android:name="android.hardware.camera"
42-->src\main\AndroidManifest.xml:35:19-57
43        android:required="false" />
43-->src\main\AndroidManifest.xml:35:58-82
44    <uses-feature
44-->src\main\AndroidManifest.xml:36:5-95
45        android:name="android.hardware.camera.autofocus"
45-->src\main\AndroidManifest.xml:36:19-67
46        android:required="false" />
46-->src\main\AndroidManifest.xml:36:68-92
47    <uses-feature
47-->src\main\AndroidManifest.xml:37:5-89
48        android:name="android.hardware.microphone"
48-->src\main\AndroidManifest.xml:37:19-61
49        android:required="false" />
49-->src\main\AndroidManifest.xml:37:62-86
50
51    <queries>
51-->[com.google.androidbrowserhelper:androidbrowserhelper:2.6.2] AndroidManifest.xml:22:5-30:15
52        <intent>
52-->[com.google.androidbrowserhelper:androidbrowserhelper:2.6.2] AndroidManifest.xml:23:9-29:18
53            <action android:name="android.intent.action.VIEW" />
53-->src\main\AndroidManifest.xml:78:17-68
53-->src\main\AndroidManifest.xml:78:25-66
54
55            <category android:name="android.intent.category.BROWSABLE" />
55-->src\main\AndroidManifest.xml:80:17-78
55-->src\main\AndroidManifest.xml:80:27-75
56
57            <data android:scheme="https" />
57-->src\main\AndroidManifest.xml:81:17-74
57-->src\main\AndroidManifest.xml:81:23-45
58        </intent>
59        <intent>
59-->[com.android.billingclient:billing:7.1.1] AndroidManifest.xml:13:9-15:18
60            <action android:name="com.android.vending.billing.InAppBillingService.BIND" />
60-->[com.android.billingclient:billing:7.1.1] AndroidManifest.xml:14:13-91
60-->[com.android.billingclient:billing:7.1.1] AndroidManifest.xml:14:21-88
61        </intent>
62        <intent>
62-->[com.android.billingclient:billing:7.1.1] AndroidManifest.xml:16:9-18:18
63            <action android:name="com.google.android.apps.play.billingtestcompanion.BillingOverrideService.BIND" />
63-->[com.android.billingclient:billing:7.1.1] AndroidManifest.xml:17:13-116
63-->[com.android.billingclient:billing:7.1.1] AndroidManifest.xml:17:21-113
64        </intent>
65    </queries>
66
67    <uses-permission android:name="com.android.vending.BILLING" />
67-->[com.android.billingclient:billing:7.1.1] AndroidManifest.xml:10:5-67
67-->[com.android.billingclient:billing:7.1.1] AndroidManifest.xml:10:22-64
68
69    <permission
69-->[androidx.core:core:1.13.0] AndroidManifest.xml:22:5-24:47
70        android:name="com.timothy.stater.DYNAMIC_RECEIVER_NOT_EXPORTED_PERMISSION"
70-->[androidx.core:core:1.13.0] AndroidManifest.xml:23:9-81
71        android:protectionLevel="signature" />
71-->[androidx.core:core:1.13.0] AndroidManifest.xml:24:9-44
72
73    <uses-permission android:name="com.timothy.stater.DYNAMIC_RECEIVER_NOT_EXPORTED_PERMISSION" /> <!-- Although the *SdkVersion is captured in gradle build files, this is required for non gradle builds -->
73-->[androidx.core:core:1.13.0] AndroidManifest.xml:26:5-97
73-->[androidx.core:core:1.13.0] AndroidManifest.xml:26:22-94
74    <!-- <uses-sdk android:minSdkVersion="14"/> -->
75    <uses-permission android:name="android.permission.ACCESS_NETWORK_STATE" />
75-->[com.google.android.datatransport:transport-backend-cct:3.1.8] AndroidManifest.xml:24:5-79
75-->[com.google.android.datatransport:transport-backend-cct:3.1.8] AndroidManifest.xml:24:22-76
76
77    <application
77-->src\main\AndroidManifest.xml:39:5-210:19
78        android:name="com.timothy.stater.Application"
78-->src\main\AndroidManifest.xml:40:9-35
79        android:allowBackup="true"
79-->src\main\AndroidManifest.xml:41:9-35
80        android:appComponentFactory="androidx.core.app.CoreComponentFactory"
80-->[androidx.core:core:1.13.0] AndroidManifest.xml:28:18-86
81        android:extractNativeLibs="true"
82        android:icon="@mipmap/ic_launcher"
82-->src\main\AndroidManifest.xml:42:9-43
83        android:label="@string/appName"
83-->src\main\AndroidManifest.xml:43:9-40
84        android:manageSpaceActivity="com.google.androidbrowserhelper.trusted.ManageDataLauncherActivity"
84-->src\main\AndroidManifest.xml:44:9-105
85        android:supportsRtl="true"
85-->src\main\AndroidManifest.xml:45:9-35
86        android:theme="@style/AppTheme" >
86-->src\main\AndroidManifest.xml:46:9-40
87
88        <!-- Declaração para verificação Digital Asset Links -->
89        <meta-data
89-->src\main\AndroidManifest.xml:49:9-51:58
90            android:name="asset_statements"
90-->src\main\AndroidManifest.xml:50:13-44
91            android:resource="@string/assetStatements" />
91-->src\main\AndroidManifest.xml:51:13-55
92        <meta-data
92-->src\main\AndroidManifest.xml:53:9-55:52
93            android:name="twa_generator"
93-->src\main\AndroidManifest.xml:54:13-41
94            android:value="@string/generatorApp" />
94-->src\main\AndroidManifest.xml:55:13-49
95
96        <activity android:name="com.google.androidbrowserhelper.trusted.ManageDataLauncherActivity" >
96-->src\main\AndroidManifest.xml:57:9-61:20
96-->src\main\AndroidManifest.xml:57:19-100
97            <meta-data
97-->src\main\AndroidManifest.xml:58:13-60:53
98                android:name="android.support.customtabs.trusted.MANAGE_SPACE_URL"
98-->src\main\AndroidManifest.xml:59:17-83
99                android:value="@string/launchUrl" />
99-->src\main\AndroidManifest.xml:60:17-50
100        </activity>
101
102        <!-- MainActivity principal com WebView nativo -->
103        <activity
103-->src\main\AndroidManifest.xml:64:9-90:20
104            android:name="com.timothy.stater.MainActivity"
104-->src\main\AndroidManifest.xml:64:19-47
105            android:configChanges="orientation|screenSize|keyboardHidden"
105-->src\main\AndroidManifest.xml:68:13-74
106            android:exported="true"
106-->src\main\AndroidManifest.xml:65:13-36
107            android:label="@string/appName"
107-->src\main\AndroidManifest.xml:66:13-44
108            android:launchMode="singleTop"
108-->src\main\AndroidManifest.xml:69:13-43
109            android:theme="@style/AppTheme.NoActionBar" >
109-->src\main\AndroidManifest.xml:67:13-56
110            <intent-filter>
110-->src\main\AndroidManifest.xml:71:13-74:29
111                <action android:name="android.intent.action.MAIN" />
111-->src\main\AndroidManifest.xml:72:17-69
111-->src\main\AndroidManifest.xml:72:25-66
112
113                <category android:name="android.intent.category.LAUNCHER" />
113-->src\main\AndroidManifest.xml:73:17-77
113-->src\main\AndroidManifest.xml:73:27-74
114            </intent-filter>
115
116            <!-- Intent filter para links do stater.app -->
117            <intent-filter android:autoVerify="true" >
117-->src\main\AndroidManifest.xml:77:13-82:29
117-->src\main\AndroidManifest.xml:77:28-53
118                <action android:name="android.intent.action.VIEW" />
118-->src\main\AndroidManifest.xml:78:17-68
118-->src\main\AndroidManifest.xml:78:25-66
119
120                <category android:name="android.intent.category.DEFAULT" />
120-->src\main\AndroidManifest.xml:79:17-76
120-->src\main\AndroidManifest.xml:79:27-73
121                <category android:name="android.intent.category.BROWSABLE" />
121-->src\main\AndroidManifest.xml:80:17-78
121-->src\main\AndroidManifest.xml:80:27-75
122
123                <data
123-->src\main\AndroidManifest.xml:81:17-74
124                    android:host="stater.app"
124-->src\main\AndroidManifest.xml:81:46-71
125                    android:scheme="https" />
125-->src\main\AndroidManifest.xml:81:23-45
126            </intent-filter>
127            <intent-filter android:autoVerify="true" >
127-->src\main\AndroidManifest.xml:84:13-89:29
127-->src\main\AndroidManifest.xml:84:28-53
128                <action android:name="android.intent.action.VIEW" />
128-->src\main\AndroidManifest.xml:78:17-68
128-->src\main\AndroidManifest.xml:78:25-66
129
130                <category android:name="android.intent.category.DEFAULT" />
130-->src\main\AndroidManifest.xml:79:17-76
130-->src\main\AndroidManifest.xml:79:27-73
131                <category android:name="android.intent.category.BROWSABLE" />
131-->src\main\AndroidManifest.xml:80:17-78
131-->src\main\AndroidManifest.xml:80:27-75
132
133                <data
133-->src\main\AndroidManifest.xml:81:17-74
134                    android:host="www.stater.app"
134-->src\main\AndroidManifest.xml:81:46-71
135                    android:scheme="https" />
135-->src\main\AndroidManifest.xml:81:23-45
136            </intent-filter>
137        </activity>
138
139        <!-- LauncherActivity do TWA mantida para compatibilidade (mas não é launcher) -->
140        <activity
140-->src\main\AndroidManifest.xml:93:9-152:20
141            android:name="com.google.androidbrowserhelper.trusted.LauncherActivity"
141-->src\main\AndroidManifest.xml:93:19-90
142            android:alwaysRetainTaskState="true"
142-->src\main\AndroidManifest.xml:94:13-49
143            android:exported="false"
143-->src\main\AndroidManifest.xml:96:13-37
144            android:label="@string/launcherName"
144-->src\main\AndroidManifest.xml:95:13-49
145            android:launchMode="singleTask"
145-->src\main\AndroidManifest.xml:97:13-44
146            android:theme="@android:style/Theme.NoTitleBar.Fullscreen" >
146-->src\main\AndroidManifest.xml:98:13-71
147
148            <!-- URL ABSOLUTA com barra final -->
149            <meta-data
149-->src\main\AndroidManifest.xml:101:13-102:60
150                android:name="android.support.customtabs.trusted.DEFAULT_URL"
150-->src\main\AndroidManifest.xml:101:24-85
151                android:value="https://stater.app/login" />
151-->src\main\AndroidManifest.xml:102:17-57
152
153            <!-- Verificação TWA obrigatória -->
154            <meta-data
154-->src\main\AndroidManifest.xml:105:13-106:40
155                android:name="android.support.customtabs.trusted.TRUSTED_WEB_ACTIVITY_REQUIRED"
155-->src\main\AndroidManifest.xml:105:24-103
156                android:value="true" />
156-->src\main\AndroidManifest.xml:106:17-37
157
158            <!-- Fallback para WebView para evitar fechar caso validação falhe -->
159            <meta-data
159-->src\main\AndroidManifest.xml:109:13-110:43
160                android:name="android.support.customtabs.trusted.FALLBACK_STRATEGY"
160-->src\main\AndroidManifest.xml:109:24-91
161                android:value="webview" />
161-->src\main\AndroidManifest.xml:110:17-40
162
163            <!-- Confiar também no subdomínio www (evita fallback se houver redireção) -->
164            <meta-data
164-->src\main\AndroidManifest.xml:113:13-114:58
165                android:name="android.support.customtabs.trusted.ADDITIONAL_TRUSTED_ORIGINS"
165-->src\main\AndroidManifest.xml:113:24-100
166                android:value="https://www.stater.app" />
166-->src\main\AndroidManifest.xml:114:17-55
167
168            <!-- Desativar splash do PWA para evitar logo estourada -->
169            <meta-data
169-->src\main\AndroidManifest.xml:117:13-118:40
170                android:name="android.support.customtabs.trusted.SKIP_WEB_MANIFEST_SPLASH"
170-->src\main\AndroidManifest.xml:117:24-98
171                android:value="true" />
171-->src\main\AndroidManifest.xml:118:17-37
172
173            <!-- Configurações de cores -->
174            <meta-data
174-->src\main\AndroidManifest.xml:121:13-123:58
175                android:name="android.support.customtabs.trusted.STATUS_BAR_COLOR"
175-->src\main\AndroidManifest.xml:122:17-83
176                android:resource="@color/colorPrimary" />
176-->src\main\AndroidManifest.xml:123:17-55
177            <meta-data
177-->src\main\AndroidManifest.xml:125:13-127:62
178                android:name="android.support.customtabs.trusted.STATUS_BAR_COLOR_DARK"
178-->src\main\AndroidManifest.xml:126:17-88
179                android:resource="@color/colorPrimaryDark" />
179-->src\main\AndroidManifest.xml:127:17-59
180            <meta-data
180-->src\main\AndroidManifest.xml:129:13-131:61
181                android:name="android.support.customtabs.trusted.NAVIGATION_BAR_COLOR"
181-->src\main\AndroidManifest.xml:130:17-87
182                android:resource="@color/navigationColor" />
182-->src\main\AndroidManifest.xml:131:17-58
183            <meta-data
183-->src\main\AndroidManifest.xml:133:13-135:65
184                android:name="android.support.customtabs.trusted.NAVIGATION_BAR_COLOR_DARK"
184-->src\main\AndroidManifest.xml:134:17-92
185                android:resource="@color/navigationColorDark" />
185-->src\main\AndroidManifest.xml:135:17-62
186
187            <!-- Splash Screen usando stater-logo-152 -->
188            <meta-data
188-->src\main\AndroidManifest.xml:138:13-139:59
189                android:name="android.support.customtabs.trusted.SPLASH_IMAGE_DRAWABLE"
189-->src\main\AndroidManifest.xml:138:24-95
190                android:resource="@drawable/splash_logo" />
190-->src\main\AndroidManifest.xml:139:17-57
191            <meta-data
191-->src\main\AndroidManifest.xml:141:13-142:60
192                android:name="android.support.customtabs.trusted.SPLASH_SCREEN_BACKGROUND_COLOR"
192-->src\main\AndroidManifest.xml:141:24-104
193                android:resource="@color/backgroundColor" />
193-->src\main\AndroidManifest.xml:142:17-58
194            <meta-data
194-->src\main\AndroidManifest.xml:144:13-145:41
195                android:name="android.support.customtabs.trusted.SPLASH_IMAGE_SCALE_TYPE"
195-->src\main\AndroidManifest.xml:144:24-97
196                android:value="center" />
196-->src\main\AndroidManifest.xml:145:17-39
197            <meta-data
197-->src\main\AndroidManifest.xml:147:13-148:38
198                android:name="android.support.customtabs.trusted.SPLASH_SCREEN_FADE_OUT_DURATION"
198-->src\main\AndroidManifest.xml:147:24-105
199                android:value="300" />
199-->src\main\AndroidManifest.xml:148:17-36
200
201            <!-- Estratégia padrão de splash nativa do TWA -->
202            <meta-data
202-->src\main\AndroidManifest.xml:151:13-121
203                android:name="android.support.customtabs.trusted.SPLASH_SCREEN_STRATEGY"
203-->src\main\AndroidManifest.xml:151:24-96
204                android:value="native" />
204-->src\main\AndroidManifest.xml:151:97-119
205        </activity>
206        <activity android:name="com.google.androidbrowserhelper.trusted.FocusActivity" />
206-->src\main\AndroidManifest.xml:154:9-90
206-->src\main\AndroidManifest.xml:154:19-87
207        <activity
207-->src\main\AndroidManifest.xml:156:9-157:62
208            android:name="com.google.androidbrowserhelper.trusted.WebViewFallbackActivity"
208-->src\main\AndroidManifest.xml:156:19-97
209            android:configChanges="orientation|screenSize" />
209-->src\main\AndroidManifest.xml:157:13-59
210
211        <service
211-->src\main\AndroidManifest.xml:161:9-172:19
212            android:name="com.timothy.stater.DelegationService"
212-->src\main\AndroidManifest.xml:162:13-46
213            android:enabled="@bool/enableNotification"
213-->src\main\AndroidManifest.xml:163:13-55
214            android:exported="@bool/enableNotification" >
214-->src\main\AndroidManifest.xml:164:13-56
215            <meta-data
215-->src\main\AndroidManifest.xml:165:13-167:69
216                android:name="android.support.customtabs.trusted.SMALL_ICON"
216-->src\main\AndroidManifest.xml:166:17-77
217                android:resource="@drawable/ic_notification_icon" />
217-->src\main\AndroidManifest.xml:167:17-66
218
219            <intent-filter>
219-->src\main\AndroidManifest.xml:168:13-171:29
220                <action android:name="android.support.customtabs.trusted.TRUSTED_WEB_ACTIVITY_SERVICE" />
220-->src\main\AndroidManifest.xml:169:17-105
220-->src\main\AndroidManifest.xml:169:25-103
221
222                <category android:name="android.intent.category.DEFAULT" />
222-->src\main\AndroidManifest.xml:79:17-76
222-->src\main\AndroidManifest.xml:79:27-73
223            </intent-filter>
224        </service>
225
226        <activity android:name="com.google.androidbrowserhelper.trusted.NotificationPermissionRequestActivity" />
226-->src\main\AndroidManifest.xml:174:9-114
226-->src\main\AndroidManifest.xml:174:19-111
227        <activity
227-->src\main\AndroidManifest.xml:175:9-188:20
228            android:name="com.google.androidbrowserhelper.playbilling.provider.PaymentActivity"
228-->src\main\AndroidManifest.xml:176:13-96
229            android:configChanges="keyboardHidden|keyboard|orientation|screenLayout|screenSize"
229-->src\main\AndroidManifest.xml:178:13-96
230            android:exported="true"
230-->src\main\AndroidManifest.xml:179:13-36
231            android:theme="@android:style/Theme.Translucent.NoTitleBar" >
231-->src\main\AndroidManifest.xml:177:13-72
232            <intent-filter>
232-->src\main\AndroidManifest.xml:181:13-183:29
233                <action android:name="org.chromium.intent.action.PAY" />
233-->src\main\AndroidManifest.xml:182:17-73
233-->src\main\AndroidManifest.xml:182:25-70
234            </intent-filter>
235
236            <meta-data
236-->src\main\AndroidManifest.xml:185:13-187:67
237                android:name="org.chromium.default_payment_method_name"
237-->src\main\AndroidManifest.xml:186:17-72
238                android:value="https://play.google.com/billing" />
238-->src\main\AndroidManifest.xml:187:17-64
239        </activity>
240
241        <!-- This service checks who calls it at runtime. -->
242        <service
242-->src\main\AndroidManifest.xml:191:9-197:19
243            android:name="com.google.androidbrowserhelper.playbilling.provider.PaymentService"
243-->src\main\AndroidManifest.xml:192:13-95
244            android:exported="true" >
244-->src\main\AndroidManifest.xml:193:13-36
245            <intent-filter>
245-->src\main\AndroidManifest.xml:194:13-196:29
246                <action android:name="org.chromium.intent.action.IS_READY_TO_PAY" />
246-->src\main\AndroidManifest.xml:195:17-85
246-->src\main\AndroidManifest.xml:195:25-82
247            </intent-filter>
248        </service>
249
250        <!-- ✅ ADICIONADO: FileProvider para uploads de câmera -->
251        <provider
252            android:name="androidx.core.content.FileProvider"
252-->src\main\AndroidManifest.xml:201:13-62
253            android:authorities="com.timothy.stater.provider"
253-->src\main\AndroidManifest.xml:202:13-60
254            android:exported="false"
254-->src\main\AndroidManifest.xml:203:13-37
255            android:grantUriPermissions="true" >
255-->src\main\AndroidManifest.xml:204:13-47
256            <meta-data
256-->src\main\AndroidManifest.xml:205:13-207:54
257                android:name="android.support.FILE_PROVIDER_PATHS"
257-->src\main\AndroidManifest.xml:206:17-67
258                android:resource="@xml/file_paths" />
258-->src\main\AndroidManifest.xml:207:17-51
259        </provider>
260
261        <meta-data
261-->[com.android.billingclient:billing:7.1.1] AndroidManifest.xml:22:9-24:37
262            android:name="com.google.android.play.billingclient.version"
262-->[com.android.billingclient:billing:7.1.1] AndroidManifest.xml:23:13-73
263            android:value="7.1.1" />
263-->[com.android.billingclient:billing:7.1.1] AndroidManifest.xml:24:13-34
264
265        <activity
265-->[com.android.billingclient:billing:7.1.1] AndroidManifest.xml:26:9-30:75
266            android:name="com.android.billingclient.api.ProxyBillingActivity"
266-->[com.android.billingclient:billing:7.1.1] AndroidManifest.xml:27:13-78
267            android:configChanges="keyboard|keyboardHidden|screenLayout|screenSize|orientation"
267-->[com.android.billingclient:billing:7.1.1] AndroidManifest.xml:28:13-96
268            android:exported="false"
268-->[com.android.billingclient:billing:7.1.1] AndroidManifest.xml:29:13-37
269            android:theme="@android:style/Theme.Translucent.NoTitleBar" />
269-->[com.android.billingclient:billing:7.1.1] AndroidManifest.xml:30:13-72
270        <activity
270-->[com.android.billingclient:billing:7.1.1] AndroidManifest.xml:31:9-35:75
271            android:name="com.android.billingclient.api.ProxyBillingActivityV2"
271-->[com.android.billingclient:billing:7.1.1] AndroidManifest.xml:32:13-80
272            android:configChanges="keyboard|keyboardHidden|screenLayout|screenSize|orientation"
272-->[com.android.billingclient:billing:7.1.1] AndroidManifest.xml:33:13-96
273            android:exported="false"
273-->[com.android.billingclient:billing:7.1.1] AndroidManifest.xml:34:13-37
274            android:theme="@android:style/Theme.Translucent.NoTitleBar" />
274-->[com.android.billingclient:billing:7.1.1] AndroidManifest.xml:35:13-72
275        <activity
275-->[com.google.android.gms:play-services-base:18.5.0] AndroidManifest.xml:5:9-173
276            android:name="com.google.android.gms.common.api.GoogleApiActivity"
276-->[com.google.android.gms:play-services-base:18.5.0] AndroidManifest.xml:5:19-85
277            android:exported="false"
277-->[com.google.android.gms:play-services-base:18.5.0] AndroidManifest.xml:5:146-170
278            android:theme="@android:style/Theme.Translucent.NoTitleBar" />
278-->[com.google.android.gms:play-services-base:18.5.0] AndroidManifest.xml:5:86-145
279
280        <meta-data
280-->[com.google.android.gms:play-services-basement:18.4.0] AndroidManifest.xml:6:9-122
281            android:name="com.google.android.gms.version"
281-->[com.google.android.gms:play-services-basement:18.4.0] AndroidManifest.xml:6:20-65
282            android:value="@integer/google_play_services_version" />
282-->[com.google.android.gms:play-services-basement:18.4.0] AndroidManifest.xml:6:66-119
283
284        <provider
284-->[androidx.emoji2:emoji2:1.3.0] AndroidManifest.xml:24:9-32:20
285            android:name="androidx.startup.InitializationProvider"
285-->[androidx.emoji2:emoji2:1.3.0] AndroidManifest.xml:25:13-67
286            android:authorities="com.timothy.stater.androidx-startup"
286-->[androidx.emoji2:emoji2:1.3.0] AndroidManifest.xml:26:13-68
287            android:exported="false" >
287-->[androidx.emoji2:emoji2:1.3.0] AndroidManifest.xml:27:13-37
288            <meta-data
288-->[androidx.emoji2:emoji2:1.3.0] AndroidManifest.xml:29:13-31:52
289                android:name="androidx.emoji2.text.EmojiCompatInitializer"
289-->[androidx.emoji2:emoji2:1.3.0] AndroidManifest.xml:30:17-75
290                android:value="androidx.startup" />
290-->[androidx.emoji2:emoji2:1.3.0] AndroidManifest.xml:31:17-49
291            <meta-data
291-->[androidx.lifecycle:lifecycle-process:2.6.2] AndroidManifest.xml:29:13-31:52
292                android:name="androidx.lifecycle.ProcessLifecycleInitializer"
292-->[androidx.lifecycle:lifecycle-process:2.6.2] AndroidManifest.xml:30:17-78
293                android:value="androidx.startup" />
293-->[androidx.lifecycle:lifecycle-process:2.6.2] AndroidManifest.xml:31:17-49
294            <meta-data
294-->[androidx.profileinstaller:profileinstaller:1.3.1] AndroidManifest.xml:29:13-31:52
295                android:name="androidx.profileinstaller.ProfileInstallerInitializer"
295-->[androidx.profileinstaller:profileinstaller:1.3.1] AndroidManifest.xml:30:17-85
296                android:value="androidx.startup" />
296-->[androidx.profileinstaller:profileinstaller:1.3.1] AndroidManifest.xml:31:17-49
297        </provider>
298
299        <service
299-->[com.google.android.datatransport:transport-backend-cct:3.1.8] AndroidManifest.xml:28:9-34:19
300            android:name="com.google.android.datatransport.runtime.backends.TransportBackendDiscovery"
300-->[com.google.android.datatransport:transport-backend-cct:3.1.8] AndroidManifest.xml:29:13-103
301            android:exported="false" >
301-->[com.google.android.datatransport:transport-backend-cct:3.1.8] AndroidManifest.xml:30:13-37
302            <meta-data
302-->[com.google.android.datatransport:transport-backend-cct:3.1.8] AndroidManifest.xml:31:13-33:39
303                android:name="backend:com.google.android.datatransport.cct.CctBackendFactory"
303-->[com.google.android.datatransport:transport-backend-cct:3.1.8] AndroidManifest.xml:32:17-94
304                android:value="cct" />
304-->[com.google.android.datatransport:transport-backend-cct:3.1.8] AndroidManifest.xml:33:17-36
305        </service>
306        <service
306-->[com.google.android.datatransport:transport-runtime:3.1.8] AndroidManifest.xml:26:9-30:19
307            android:name="com.google.android.datatransport.runtime.scheduling.jobscheduling.JobInfoSchedulerService"
307-->[com.google.android.datatransport:transport-runtime:3.1.8] AndroidManifest.xml:27:13-117
308            android:exported="false"
308-->[com.google.android.datatransport:transport-runtime:3.1.8] AndroidManifest.xml:28:13-37
309            android:permission="android.permission.BIND_JOB_SERVICE" >
309-->[com.google.android.datatransport:transport-runtime:3.1.8] AndroidManifest.xml:29:13-69
310        </service>
311
312        <receiver
312-->[com.google.android.datatransport:transport-runtime:3.1.8] AndroidManifest.xml:32:9-34:40
313            android:name="com.google.android.datatransport.runtime.scheduling.jobscheduling.AlarmManagerSchedulerBroadcastReceiver"
313-->[com.google.android.datatransport:transport-runtime:3.1.8] AndroidManifest.xml:33:13-132
314            android:exported="false" />
314-->[com.google.android.datatransport:transport-runtime:3.1.8] AndroidManifest.xml:34:13-37
315        <receiver
315-->[androidx.profileinstaller:profileinstaller:1.3.1] AndroidManifest.xml:34:9-52:20
316            android:name="androidx.profileinstaller.ProfileInstallReceiver"
316-->[androidx.profileinstaller:profileinstaller:1.3.1] AndroidManifest.xml:35:13-76
317            android:directBootAware="false"
317-->[androidx.profileinstaller:profileinstaller:1.3.1] AndroidManifest.xml:36:13-44
318            android:enabled="true"
318-->[androidx.profileinstaller:profileinstaller:1.3.1] AndroidManifest.xml:37:13-35
319            android:exported="true"
319-->[androidx.profileinstaller:profileinstaller:1.3.1] AndroidManifest.xml:38:13-36
320            android:permission="android.permission.DUMP" >
320-->[androidx.profileinstaller:profileinstaller:1.3.1] AndroidManifest.xml:39:13-57
321            <intent-filter>
321-->[androidx.profileinstaller:profileinstaller:1.3.1] AndroidManifest.xml:40:13-42:29
322                <action android:name="androidx.profileinstaller.action.INSTALL_PROFILE" />
322-->[androidx.profileinstaller:profileinstaller:1.3.1] AndroidManifest.xml:41:17-91
322-->[androidx.profileinstaller:profileinstaller:1.3.1] AndroidManifest.xml:41:25-88
323            </intent-filter>
324            <intent-filter>
324-->[androidx.profileinstaller:profileinstaller:1.3.1] AndroidManifest.xml:43:13-45:29
325                <action android:name="androidx.profileinstaller.action.SKIP_FILE" />
325-->[androidx.profileinstaller:profileinstaller:1.3.1] AndroidManifest.xml:44:17-85
325-->[androidx.profileinstaller:profileinstaller:1.3.1] AndroidManifest.xml:44:25-82
326            </intent-filter>
327            <intent-filter>
327-->[androidx.profileinstaller:profileinstaller:1.3.1] AndroidManifest.xml:46:13-48:29
328                <action android:name="androidx.profileinstaller.action.SAVE_PROFILE" />